[2023-01-23 05:30:24] local.ERROR: filemtime(): stat failed for C:\xamp\htdocs\uas_web\.env {"exception":"[object] (ErrorException(code: 0): filemtime(): stat failed for C:\\xamp\\htdocs\\uas_web\\.env at C:\\xamp\\htdocs\\uas_web\\vendor\\laravel\\framework\\src\\Illuminate\\Foundation\\Console\\ServeCommand.php:66)
[stacktrace]
#0 [internal function]: Illuminate\\Foundation\\Bootstrap\\HandleExceptions->handleError(2, 'filemtime(): st...', 'C:\\\\xamp\\\\htdocs\\\\...', 66)
#1 C:\\xamp\\htdocs\\uas_web\\vendor\\laravel\\framework\\src\\Illuminate\\Foundation\\Console\\ServeCommand.php(66): filemtime('C:\\\\xamp\\\\htdocs\\\\...')
#2 C:\\xamp\\htdocs\\uas_web\\vendor\\laravel\\framework\\src\\Illuminate\\Container\\BoundMethod.php(36): Illuminate\\Foundation\\Console\\ServeCommand->handle()
#3 C:\\xamp\\htdocs\\uas_web\\vendor\\laravel\\framework\\src\\Illuminate\\Container\\Util.php(40): Illuminate\\Container\\BoundMethod::Illuminate\\Container\\{closure}()
#4 C:\\xamp\\htdocs\\uas_web\\vendor\\laravel\\framework\\src\\Illuminate\\Container\\BoundMethod.php(93): Illuminate\\Container\\Util::unwrapIfClosure(Object(Closure))
#5 C:\\xamp\\htdocs\\uas_web\\vendor\\laravel\\framework\\src\\Illuminate\\Container\\BoundMethod.php(37): Illuminate\\Container\\BoundMethod::callBoundMethod(Object(Illuminate\\Foundation\\Application), Array, Object(Closure))
#6 C:\\xamp\\htdocs\\uas_web\\vendor\\laravel\\framework\\src\\Illuminate\\Container\\Container.php(653): Illuminate\\Container\\BoundMethod::call(Object(Illuminate\\Foundation\\Application), Array, Array, NULL)
#7 C:\\xamp\\htdocs\\uas_web\\vendor\\laravel\\framework\\src\\Illuminate\\Console\\Command.php(136): Illuminate\\Container\\Container->call(Array)
#8 C:\\xamp\\htdocs\\uas_web\\vendor\\symfony\\console\\Command\\Command.php(298): Illuminate\\Console\\Command->execute(Object(Symfony\\Component\\Console\\Input\\ArgvInput), Object(Illuminate\\Console\\OutputStyle))
#9 C:\\xamp\\htdocs\\uas_web\\vendor\\laravel\\framework\\src\\Illuminate\\Console\\Command.php(121): Symfony\\Component\\Console\\Command\\Command->run(Object(Symfony\\Component\\Console\\Input\\ArgvInput), Object(Illuminate\\Console\\OutputStyle))
#10 C:\\xamp\\htdocs\\uas_web\\vendor\\symfony\\console\\Application.php(1040): Illuminate\\Console\\Command->run(Object(Symfony\\Component\\Console\\Input\\ArgvInput), Object(Symfony\\Component\\Console\\Output\\ConsoleOutput))
#11 C:\\xamp\\htdocs\\uas_web\\vendor\\symfony\\console\\Application.php(301): Symfony\\Component\\Console\\Application->doRunCommand(Object(Illuminate\\Foundation\\Console\\ServeCommand), Object(Symfony\\Component\\Console\\Input\\ArgvInput), Object(Symfony\\Component\\Console\\Output\\ConsoleOutput))
#12 C:\\xamp\\htdocs\\uas_web\\vendor\\symfony\\console\\Application.php(171): Symfony\\Component\\Console\\Application->doRun(Object(Symfony\\Component\\Console\\Input\\ArgvInput), Object(Symfony\\Component\\Console\\Output\\ConsoleOutput))
#13 C:\\xamp\\htdocs\\uas_web\\vendor\\laravel\\framework\\src\\Illuminate\\Console\\Application.php(94): Symfony\\Component\\Console\\Application->run(Object(Symfony\\Component\\Console\\Input\\ArgvInput), Object(Symfony\\Component\\Console\\Output\\ConsoleOutput))
#14 C:\\xamp\\htdocs\\uas_web\\vendor\\laravel\\framework\\src\\Illuminate\\Foundation\\Console\\Kernel.php(129): Illuminate\\Console\\Application->run(Object(Symfony\\Component\\Console\\Input\\ArgvInput), Object(Symfony\\Component\\Console\\Output\\ConsoleOutput))
#15 C:\\xamp\\htdocs\\uas_web\\artisan(37): Illuminate\\Foundation\\Console\\Kernel->handle(Object(Symfony\\Component\\Console\\Input\\ArgvInput), Object(Symfony\\Component\\Console\\Output\\ConsoleOutput))
#16 {main}
"} 
[2023-01-23 05:30:24] local.ERROR: include(C:\xamp\htdocs\uas_web\vendor\composer/../laravel/framework/src/Illuminate/Log/Events/MessageLogged.php): Failed to open stream: No such file or directory {"exception":"[object] (ErrorException(code: 0): include(C:\\xamp\\htdocs\\uas_web\\vendor\\composer/../laravel/framework/src/Illuminate/Log/Events/MessageLogged.php): Failed to open stream: No such file or directory at C:\\xamp\\htdocs\\uas_web\\vendor\\composer\\ClassLoader.php:571)
[stacktrace]
#0 C:\\xamp\\htdocs\\uas_web\\vendor\\composer\\ClassLoader.php(571): Illuminate\\Foundation\\Bootstrap\\HandleExceptions->handleError(2, 'include(C:\\\\xamp...', 'C:\\\\xamp\\\\htdocs\\\\...', 571)
#1 C:\\xamp\\htdocs\\uas_web\\vendor\\composer\\ClassLoader.php(571): include()
#2 C:\\xamp\\htdocs\\uas_web\\vendor\\composer\\ClassLoader.php(428): Composer\\Autoload\\includeFile('C:\\\\xamp\\\\htdocs\\\\...')
#3 C:\\xamp\\htdocs\\uas_web\\vendor\\laravel\\framework\\src\\Illuminate\\Log\\Logger.php(245): Composer\\Autoload\\ClassLoader->loadClass('Illuminate\\\\Log\\\\...')
#4 C:\\xamp\\htdocs\\uas_web\\vendor\\laravel\\framework\\src\\Illuminate\\Log\\Logger.php(186): Illuminate\\Log\\Logger->fireLogEvent('error', 'filemtime(): st...', Array)
#5 C:\\xamp\\htdocs\\uas_web\\vendor\\laravel\\framework\\src\\Illuminate\\Log\\Logger.php(94): Illuminate\\Log\\Logger->writeLog('error', 'filemtime(): st...', Array)
#6 C:\\xamp\\htdocs\\uas_web\\vendor\\laravel\\framework\\src\\Illuminate\\Log\\LogManager.php(590): Illuminate\\Log\\Logger->error('filemtime(): st...', Array)
#7 C:\\xamp\\htdocs\\uas_web\\vendor\\laravel\\framework\\src\\Illuminate\\Foundation\\Exceptions\\Handler.php(252): Illuminate\\Log\\LogManager->error('filemtime(): st...', Array)
#8 C:\\xamp\\htdocs\\uas_web\\vendor\\nunomaduro\\collision\\src\\Adapters\\Laravel\\ExceptionHandler.php(46): Illuminate\\Foundation\\Exceptions\\Handler->report(Object(ErrorException))
#9 C:\\xamp\\htdocs\\uas_web\\vendor\\laravel\\framework\\src\\Illuminate\\Foundation\\Console\\Kernel.php(366): NunoMaduro\\Collision\\Adapters\\Laravel\\ExceptionHandler->report(Object(ErrorException))
#10 C:\\xamp\\htdocs\\uas_web\\vendor\\laravel\\framework\\src\\Illuminate\\Foundation\\Console\\Kernel.php(131): Illuminate\\Foundation\\Console\\Kernel->reportException(Object(ErrorException))
#11 C:\\xamp\\htdocs\\uas_web\\artisan(37): Illuminate\\Foundation\\Console\\Kernel->handle(Object(Symfony\\Component\\Console\\Input\\ArgvInput), Object(Symfony\\Component\\Console\\Output\\ConsoleOutput))
#12 {main}
"} 
[2023-01-23 05:30:25] local.ERROR: Uncaught ErrorException: include(C:\xamp\htdocs\uas_web\vendor\composer/../filp/whoops/src/Whoops/Handler/Handler.php): Failed to open stream: No such file or directory in C:\xamp\htdocs\uas_web\vendor\composer\ClassLoader.php:571
Stack trace:
#0 C:\xamp\htdocs\uas_web\vendor\composer\ClassLoader.php(571): Illuminate\Foundation\Bootstrap\HandleExceptions->handleError(2, 'include(C:\\xamp...', 'C:\\xamp\\htdocs\\...', 571)
#1 C:\xamp\htdocs\uas_web\vendor\composer\ClassLoader.php(571): include()
#2 C:\xamp\htdocs\uas_web\vendor\composer\ClassLoader.php(428): Composer\Autoload\includeFile('C:\\xamp\\htdocs\\...')
#3 C:\xamp\htdocs\uas_web\vendor\nunomaduro\collision\src\Handler.php(17): Composer\Autoload\ClassLoader->loadClass('Whoops\\Handler\\...')
#4 C:\xamp\htdocs\uas_web\vendor\composer\ClassLoader.php(571): include('C:\\xamp\\htdocs\\...')
#5 C:\xamp\htdocs\uas_web\vendor\composer\ClassLoader.php(428): Composer\Autoload\includeFile('C:\\xamp\\htdocs\\...')
#6 C:\xamp\htdocs\uas_web\vendor\nunomaduro\collision\src\Adapters\Laravel\CollisionServiceProvider.php(58): Composer\Autoload\ClassLoader->loadClass('NunoMaduro\\Coll...')
#7 C:\xamp\htdocs\uas_web\vendor\laravel\framework\src\Illuminate\Container\Container.php(873): NunoMaduro\Collision\Adapters\Laravel\CollisionServiceProvider->NunoMaduro\Collision\Adapters\Laravel\{closure}(Object(Illuminate\Foundation\Application), Array)
#8 C:\xamp\htdocs\uas_web\vendor\laravel\framework\src\Illuminate\Container\Container.php(758): Illuminate\Container\Container->build(Object(Closure))
#9 C:\xamp\htdocs\uas_web\vendor\laravel\framework\src\Illuminate\Foundation\Application.php(851): Illuminate\Container\Container->resolve('NunoMaduro\\Coll...', Array, true)
#10 C:\xamp\htdocs\uas_web\vendor\laravel\framework\src\Illuminate\Container\Container.php(694): Illuminate\Foundation\Application->resolve('NunoMaduro\\Coll...', Array)
#11 C:\xamp\htdocs\uas_web\vendor\laravel\framework\src\Illuminate\Foundation\Application.php(836): Illuminate\Container\Container->make('NunoMaduro\\Coll...', Array)
#12 C:\xamp\htdocs\uas_web\vendor\nunomaduro\collision\src\Adapters\Laravel\ExceptionHandler.php(65): Illuminate\Foundation\Application->make('NunoMaduro\\Coll...')
#13 C:\xamp\htdocs\uas_web\vendor\laravel\framework\src\Illuminate\Foundation\Bootstrap\HandleExceptions.php(185): NunoMaduro\Collision\Adapters\Laravel\ExceptionHandler->renderForConsole(Object(Symfony\Component\Console\Output\ConsoleOutput), Object(ErrorException))
#14 C:\xamp\htdocs\uas_web\vendor\laravel\framework\src\Illuminate\Foundation\Bootstrap\HandleExceptions.php(171): Illuminate\Foundation\Bootstrap\HandleExceptions->renderForConsole(Object(ErrorException))
#15 [internal function]: Illuminate\Foundation\Bootstrap\HandleExceptions->handleException(Object(ErrorException))
#16 {main}
  thrown {"exception":"[object] (Symfony\\Component\\ErrorHandler\\Error\\FatalError(code: 0): Uncaught ErrorException: include(C:\\xamp\\htdocs\\uas_web\\vendor\\composer/../filp/whoops/src/Whoops/Handler/Handler.php): Failed to open stream: No such file or directory in C:\\xamp\\htdocs\\uas_web\\vendor\\composer\\ClassLoader.php:571
Stack trace:
#0 C:\\xamp\\htdocs\\uas_web\\vendor\\composer\\ClassLoader.php(571): Illuminate\\Foundation\\Bootstrap\\HandleExceptions->handleError(2, 'include(C:\\\\xamp...', 'C:\\\\xamp\\\\htdocs\\\\...', 571)
#1 C:\\xamp\\htdocs\\uas_web\\vendor\\composer\\ClassLoader.php(571): include()
#2 C:\\xamp\\htdocs\\uas_web\\vendor\\composer\\ClassLoader.php(428): Composer\\Autoload\\includeFile('C:\\\\xamp\\\\htdocs\\\\...')
#3 C:\\xamp\\htdocs\\uas_web\\vendor\\nunomaduro\\collision\\src\\Handler.php(17): Composer\\Autoload\\ClassLoader->loadClass('Whoops\\\\Handler\\\\...')
#4 C:\\xamp\\htdocs\\uas_web\\vendor\\composer\\ClassLoader.php(571): include('C:\\\\xamp\\\\htdocs\\\\...')
#5 C:\\xamp\\htdocs\\uas_web\\vendor\\composer\\ClassLoader.php(428): Composer\\Autoload\\includeFile('C:\\\\xamp\\\\htdocs\\\\...')
#6 C:\\xamp\\htdocs\\uas_web\\vendor\\nunomaduro\\collision\\src\\Adapters\\Laravel\\CollisionServiceProvider.php(58): Composer\\Autoload\\ClassLoader->loadClass('NunoMaduro\\\\Coll...')
#7 C:\\xamp\\htdocs\\uas_web\\vendor\\laravel\\framework\\src\\Illuminate\\Container\\Container.php(873): NunoMaduro\\Collision\\Adapters\\Laravel\\CollisionServiceProvider->NunoMaduro\\Collision\\Adapters\\Laravel\\{closure}(Object(Illuminate\\Foundation\\Application), Array)
#8 C:\\xamp\\htdocs\\uas_web\\vendor\\laravel\\framework\\src\\Illuminate\\Container\\Container.php(758): Illuminate\\Container\\Container->build(Object(Closure))
#9 C:\\xamp\\htdocs\\uas_web\\vendor\\laravel\\framework\\src\\Illuminate\\Foundation\\Application.php(851): Illuminate\\Container\\Container->resolve('NunoMaduro\\\\Coll...', Array, true)
#10 C:\\xamp\\htdocs\\uas_web\\vendor\\laravel\\framework\\src\\Illuminate\\Container\\Container.php(694): Illuminate\\Foundation\\Application->resolve('NunoMaduro\\\\Coll...', Array)
#11 C:\\xamp\\htdocs\\uas_web\\vendor\\laravel\\framework\\src\\Illuminate\\Foundation\\Application.php(836): Illuminate\\Container\\Container->make('NunoMaduro\\\\Coll...', Array)
#12 C:\\xamp\\htdocs\\uas_web\\vendor\\nunomaduro\\collision\\src\\Adapters\\Laravel\\ExceptionHandler.php(65): Illuminate\\Foundation\\Application->make('NunoMaduro\\\\Coll...')
#13 C:\\xamp\\htdocs\\uas_web\\vendor\\laravel\\framework\\src\\Illuminate\\Foundation\\Bootstrap\\HandleExceptions.php(185): NunoMaduro\\Collision\\Adapters\\Laravel\\ExceptionHandler->renderForConsole(Object(Symfony\\Component\\Console\\Output\\ConsoleOutput), Object(ErrorException))
#14 C:\\xamp\\htdocs\\uas_web\\vendor\\laravel\\framework\\src\\Illuminate\\Foundation\\Bootstrap\\HandleExceptions.php(171): Illuminate\\Foundation\\Bootstrap\\HandleExceptions->renderForConsole(Object(ErrorException))
#15 [internal function]: Illuminate\\Foundation\\Bootstrap\\HandleExceptions->handleException(Object(ErrorException))
#16 {main}
  thrown at C:\\xamp\\htdocs\\uas_web\\vendor\\composer\\ClassLoader.php:571)
[stacktrace]
#0 {main}
"} 
